Release 14.7 - xst P.20131013 (nt64)
Copyright (c) 1995-2013 Xilinx, Inc.  All rights reserved.
--> Parameter TMPDIR set to xst/projnav.tmp


Total REAL time to Xst completion: 1.00 secs
Total CPU time to Xst completion: 0.11 secs
 
--> Parameter xsthdpdir set to xst


Total REAL time to Xst completion: 1.00 secs
Total CPU time to Xst completion: 0.11 secs
 
--> Reading design: CirciutoTotal.prj

TABLE OF CONTENTS
  1) Synthesis Options Summary
  2) HDL Parsing
  3) HDL Elaboration
  4) HDL Synthesis
       4.1) HDL Synthesis Report
  5) Advanced HDL Synthesis
       5.1) Advanced HDL Synthesis Report
  6) Low Level Synthesis
  7) Partition Report
  8) Design Summary
       8.1) Primitive and Black Box Usage
       8.2) Device utilization summary
       8.3) Partition Resource Summary
       8.4) Timing Report
            8.4.1) Clock Information
            8.4.2) Asynchronous Control Signals Information
            8.4.3) Timing Summary
            8.4.4) Timing Details
            8.4.5) Cross Clock Domains Report


=========================================================================
*                      Synthesis Options Summary                        *
=========================================================================
---- Source Parameters
Input File Name                    : "CirciutoTotal.prj"
Ignore Synthesis Constraint File   : NO

---- Target Parameters
Output File Name                   : "CirciutoTotal"
Output Format                      : NGC
Target Device                      : xc6slx4-3-tqg144

---- Source Options
Top Module Name                    : CirciutoTotal
Automatic FSM Extraction           : YES
FSM Encoding Algorithm             : Auto
Safe Implementation                : No
FSM Style                          : LUT
RAM Extraction                     : Yes
RAM Style                          : Auto
ROM Extraction                     : Yes
Shift Register Extraction          : YES
ROM Style                          : Auto
Resource Sharing                   : YES
Asynchronous To Synchronous        : NO
Shift Register Minimum Size        : 2
Use DSP Block                      : Auto
Automatic Register Balancing       : No

---- Target Options
LUT Combining                      : Auto
Reduce Control Sets                : Auto
Add IO Buffers                     : YES
Global Maximum Fanout              : 100000
Add Generic Clock Buffer(BUFG)     : 16
Register Duplication               : YES
Optimize Instantiated Primitives   : NO
Use Clock Enable                   : Auto
Use Synchronous Set                : Auto
Use Synchronous Reset              : Auto
Pack IO Registers into IOBs        : Auto
Equivalent register Removal        : YES

---- General Options
Optimization Goal                  : Speed
Optimization Effort                : 1
Power Reduction                    : NO
Keep Hierarchy                     : No
Netlist Hierarchy                  : As_Optimized
RTL Output                         : Yes
Global Optimization                : AllClockNets
Read Cores                         : YES
Write Timing Constraints           : NO
Cross Clock Analysis               : NO
Hierarchy Separator                : /
Bus Delimiter                      : <>
Case Specifier                     : Maintain
Slice Utilization Ratio            : 100
BRAM Utilization Ratio             : 100
DSP48 Utilization Ratio            : 100
Auto BRAM Packing                  : NO
Slice Utilization Ratio Delta      : 5

=========================================================================


=========================================================================
*                          HDL Parsing                                  *
=========================================================================
Analyzing Verilog file "C:\Users\Pedro\Desktop\SistemasDigitais\Projeto1 Final\Final\Comparador.v" into library work
Parsing module <Comparador>.
Analyzing Verilog file "C:\Users\Pedro\Desktop\SistemasDigitais\Projeto1 Final\Final\ciscuito2p2teste.vf" into library work
Parsing module <ciscuito2p2teste>.
Analyzing Verilog file "C:\Users\Pedro\Desktop\SistemasDigitais\Projeto1 Final\Final\Circuitosaida.v" into library work
Parsing module <Circuitosaida>.
Analyzing Verilog file "C:\Users\Pedro\Desktop\SistemasDigitais\Projeto1 Final\Final\CIrcuitoentradasjuris.v" into library work
Parsing module <CIrcuitoentradasjuris>.
Analyzing Verilog file "C:\Users\Pedro\Desktop\SistemasDigitais\Projeto1 Final\Final\circuito2Parte1.v" into library work
Parsing module <circuito2Parte1>.
Analyzing Verilog file "C:\Users\Pedro\Desktop\SistemasDigitais\Projeto1 Final\Final\CirciutoTotal.vf" into library work
Parsing module <ciscuito2p2teste_MUSER_CirciutoTotal>.
Parsing module <CirciutoTotal>.
Analyzing Verilog file "C:\Users\Pedro\Desktop\SistemasDigitais\Projeto1 Final\Final\comparador2bitteste.vf" into library work
Parsing module <comparador2bitteste>.

=========================================================================
*                            HDL Elaboration                            *
=========================================================================

Elaborating module <CirciutoTotal>.

Elaborating module <AND2>.

Elaborating module <INV>.

Elaborating module <circuito2Parte1>.

Elaborating module <CIrcuitoentradasjuris>.
ERROR:HDLCompiler:1773 - "C:\Users\Pedro\Desktop\SistemasDigitais\Projeto1 Final\Final\CIrcuitoentradasjuris.v" Line 29: Procedural 'assign' is not a supported statement for synthesis
Module CIrcuitoentradasjuris remains a blackbox, due to errors in its contents
WARNING:HDLCompiler:1499 - "C:\Users\Pedro\Desktop\SistemasDigitais\Projeto1 Final\Final\CIrcuitoentradasjuris.v" Line 21: Empty module <CIrcuitoentradasjuris> remains a black box.

Elaborating module <ciscuito2p2teste_MUSER_CirciutoTotal>.

Elaborating module <IBUF>.

Elaborating module <OR2>.

Elaborating module <Circuitosaida>.
ERROR:HDLCompiler:1773 - "C:\Users\Pedro\Desktop\SistemasDigitais\Projeto1 Final\Final\Circuitosaida.v" Line 46: Procedural 'assign' is not a supported statement for synthesis
Module Circuitosaida remains a blackbox, due to errors in its contents
WARNING:HDLCompiler:1499 - "C:\Users\Pedro\Desktop\SistemasDigitais\Projeto1 Final\Final\Circuitosaida.v" Line 21: Empty module <Circuitosaida> remains a black box.

Elaborating module <Comparador>.
--> 

Total memory usage is 4449880 kilobytes

Number of errors   :    2 (   0 filtered)
Number of warnings :    2 (   0 filtered)
Number of infos    :    0 (   0 filtered)

