Command line:
   CirciutoTotal_CirciutoTotal_sch_tb_isim_beh.exe
     -simmode  gui
     -simrunnum  0
     -socket  63507

Mon Nov 29 23:35:21 2021


 Elaboration Time: 0.03125 sec

 Current Memory Usage: 5150.58 Meg

 Total Signals          : 311
 Total Nets             : 140
 Total Signal Drivers   : 98
 Total Blocks           : 66
 Total Primitive Blocks : 61
 Total Processes        : 159
 Total Traceable Variables  : 126
 Total Scalar Nets and Variables : 3872
Total Line Count : 741

 Total Simulation Time: 0.15625 sec

 Current Memory Usage: 5465.15 Meg

Mon Nov 29 23:35:55 2021

